<!DOCTYPE html>

<html>
  <head>
  <meta charset='utf-8'>
  <title>TestNG reports</title>

    <link type="text/css" href="testng-reports.css" rel="stylesheet" />
    <script type="text/javascript" src="jquery-1.7.1.min.js"></script>
    <script type="text/javascript" src="testng-reports.js"></script>
    <script type="text/javascript" src="https://www.google.com/jsapi"></script>
    <script type='text/javascript'>
      google.load('visualization', '1', {packages:['table']});
      google.setOnLoadCallback(drawTable);
      var suiteTableInitFunctions = new Array();
      var suiteTableData = new Array();
    </script>
    <!--
      <script type="text/javascript" src="jquery-ui/js/jquery-ui-1.8.16.custom.min.js"></script>
     -->
  </head>

  <body>
    <div class="top-banner-root">
      <span class="top-banner-title-font">Test results</span>
      <br/>
      <span class="top-banner-font-1">1 suite, 3 failed tests</span>
    </div> <!-- top-banner-root -->
    <div class="navigator-root">
      <div class="navigator-suite-header">
        <span>All suites</span>
        <a href="#" class="collapse-all-link" title="Collapse/expand all the suites">
          <img class="collapse-all-icon" src="collapseall.gif">
          </img> <!-- collapse-all-icon -->
        </a> <!-- collapse-all-link -->
      </div> <!-- navigator-suite-header -->
      <div class="suite">
        <div class="rounded-window">
          <div class="suite-header light-rounded-window-top">
            <a href="#" class="navigator-link" panel-name="suite-Amazon_test_Suite">
              <span class="suite-name border-failed">Amazon test Suite</span>
            </a> <!-- navigator-link -->
          </div> <!-- suite-header light-rounded-window-top -->
          <div class="navigator-suite-content">
            <div class="suite-section-title">
              <span>Info</span>
            </div> <!-- suite-section-title -->
            <div class="suite-section-content">
              <ul>
                <li>
                  <a href="#" class="navigator-link " panel-name="test-xml-Amazon_test_Suite">
                    <span>D:\Selenium Program2\ExtentReport\src\test\resources\runner\testng.xml</span>
                  </a> <!-- navigator-link  -->
                </li>
                <li>
                  <a href="#" class="navigator-link " panel-name="testlist-Amazon_test_Suite">
                    <span class="test-stats">2 tests</span>
                  </a> <!-- navigator-link  -->
                </li>
                <li>
                  <a href="#" class="navigator-link " panel-name="group-Amazon_test_Suite">
                    <span>0 groups</span>
                  </a> <!-- navigator-link  -->
                </li>
                <li>
                  <a href="#" class="navigator-link " panel-name="times-Amazon_test_Suite">
                    <span>Times</span>
                  </a> <!-- navigator-link  -->
                </li>
                <li>
                  <a href="#" class="navigator-link " panel-name="reporter-Amazon_test_Suite">
                    <span>Reporter output</span>
                  </a> <!-- navigator-link  -->
                </li>
                <li>
                  <a href="#" class="navigator-link " panel-name="ignored-methods-Amazon_test_Suite">
                    <span>Ignored methods</span>
                  </a> <!-- navigator-link  -->
                </li>
                <li>
                  <a href="#" class="navigator-link " panel-name="chronological-Amazon_test_Suite">
                    <span>Chronological view</span>
                  </a> <!-- navigator-link  -->
                </li>
              </ul>
            </div> <!-- suite-section-content -->
            <div class="result-section">
              <div class="suite-section-title">
                <span>Results</span>
              </div> <!-- suite-section-title -->
              <div class="suite-section-content">
                <ul>
                  <li>
                    <span class="method-stats">9 methods, 3 failed,  4 skipped,  2 passed</span>
                  </li>
                  <li>
                    <span class="method-list-title failed">Failed methods</span>
                    <span class="show-or-hide-methods failed">
                      <a href="#" panel-name="suite-Amazon_test_Suite" class="hide-methods failed suite-Amazon_test_Suite"> (hide)</a> <!-- hide-methods failed suite-Amazon_test_Suite -->
                      <a href="#" panel-name="suite-Amazon_test_Suite" class="show-methods failed suite-Amazon_test_Suite"> (show)</a> <!-- show-methods failed suite-Amazon_test_Suite -->
                    </span>
                    <div class="method-list-content failed suite-Amazon_test_Suite">
                      <span>
                        <img width="3%" src="failed.png"/>
                        <a href="#" class="method navigator-link" panel-name="suite-Amazon_test_Suite" title="testcases.RetryTestCase" hash-for-method="retryMechanism">retryMechanism</a> <!-- method navigator-link -->
                      </span>
                      <br/>
                      <span>
                        <img width="3%" src="failed.png"/>
                        <a href="#" class="method navigator-link" panel-name="suite-Amazon_test_Suite" title="testcases.SignInTest" hash-for-method="signInTest({password=Selenium@123, runmode=y, username=9.899894877E9})">signInTest({password=Selenium@123, runmode=y, username=9.899894877E9})</a> <!-- method navigator-link -->
                      </span>
                      <br/>
                      <span>
                        <img width="3%" src="failed.png"/>
                        <a href="#" class="method navigator-link" panel-name="suite-Amazon_test_Suite" title="testcases.SignInTest" hash-for-method="signInTest({password=Selenium@123, runmode=y, username=9.989984876E9})">signInTest({password=Selenium@123, runmode=y, username=9.989984876E9})</a> <!-- method navigator-link -->
                      </span>
                      <br/>
                    </div> <!-- method-list-content failed suite-Amazon_test_Suite -->
                  </li>
                  <li>
                    <span class="method-list-title skipped">Skipped methods</span>
                    <span class="show-or-hide-methods skipped">
                      <a href="#" panel-name="suite-Amazon_test_Suite" class="hide-methods skipped suite-Amazon_test_Suite"> (hide)</a> <!-- hide-methods skipped suite-Amazon_test_Suite -->
                      <a href="#" panel-name="suite-Amazon_test_Suite" class="show-methods skipped suite-Amazon_test_Suite"> (show)</a> <!-- show-methods skipped suite-Amazon_test_Suite -->
                    </span>
                    <div class="method-list-content skipped suite-Amazon_test_Suite">
                      <span>
                        <img width="3%" src="skipped.png"/>
                        <a href="#" class="method navigator-link" panel-name="suite-Amazon_test_Suite" title="testcases.RetryTestCase" hash-for-method="retryMechanism">retryMechanism</a> <!-- method navigator-link -->
                      </span>
                      <br/>
                      <span>
                        <img width="3%" src="skipped.png"/>
                        <a href="#" class="method navigator-link" panel-name="suite-Amazon_test_Suite" title="testcases.RetryTestCase" hash-for-method="retryMechanism">retryMechanism</a> <!-- method navigator-link -->
                      </span>
                      <br/>
                      <span>
                        <img width="3%" src="skipped.png"/>
                        <a href="#" class="method navigator-link" panel-name="suite-Amazon_test_Suite" title="testcases.RetryTestCase" hash-for-method="retryMechanism">retryMechanism</a> <!-- method navigator-link -->
                      </span>
                      <br/>
                      <span>
                        <img width="3%" src="skipped.png"/>
                        <a href="#" class="method navigator-link" panel-name="suite-Amazon_test_Suite" title="testcases.RetryTestCase" hash-for-method="retryMechanism">retryMechanism</a> <!-- method navigator-link -->
                      </span>
                      <br/>
                    </div> <!-- method-list-content skipped suite-Amazon_test_Suite -->
                  </li>
                  <li>
                    <span class="method-list-title passed">Passed methods</span>
                    <span class="show-or-hide-methods passed">
                      <a href="#" panel-name="suite-Amazon_test_Suite" class="hide-methods passed suite-Amazon_test_Suite"> (hide)</a> <!-- hide-methods passed suite-Amazon_test_Suite -->
                      <a href="#" panel-name="suite-Amazon_test_Suite" class="show-methods passed suite-Amazon_test_Suite"> (show)</a> <!-- show-methods passed suite-Amazon_test_Suite -->
                    </span>
                    <div class="method-list-content passed suite-Amazon_test_Suite">
                      <span>
                        <img width="3%" src="passed.png"/>
                        <a href="#" class="method navigator-link" panel-name="suite-Amazon_test_Suite" title="testcases.CreateAccountTest" hash-for-method="createAccountTest({eMail=gaurav83.eoi@gmail.com, MobNo=9.910101011E9, Pwd=EOI@123, runmode=y, userName=meAaron21})">createAccountTest({eMail=gaurav83.eoi@gmail.com, MobNo=9.910101011E9, Pwd=EOI@123, runmode=y, userName=meAaron21})</a> <!-- method navigator-link -->
                      </span>
                      <br/>
                      <span>
                        <img width="3%" src="passed.png"/>
                        <a href="#" class="method navigator-link" panel-name="suite-Amazon_test_Suite" title="testcases.CreateAccountTest" hash-for-method="createAccountTest({eMail=gaurav84.eoi@gmail.com, MobNo=9.910101012E9, Pwd=EOI@234, runmode=y, userName=meAaron22})">createAccountTest({eMail=gaurav84.eoi@gmail.com, MobNo=9.910101012E9, Pwd=EOI@234, runmode=y, userName=meAaron22})</a> <!-- method navigator-link -->
                      </span>
                      <br/>
                    </div> <!-- method-list-content passed suite-Amazon_test_Suite -->
                  </li>
                </ul>
              </div> <!-- suite-section-content -->
            </div> <!-- result-section -->
          </div> <!-- navigator-suite-content -->
        </div> <!-- rounded-window -->
      </div> <!-- suite -->
    </div> <!-- navigator-root -->
    <div class="wrapper">
      <div class="main-panel-root">
        <div panel-name="suite-Amazon_test_Suite" class="panel Amazon_test_Suite">
          <div class="suite-Amazon_test_Suite-class-failed">
            <div class="main-panel-header rounded-window-top">
              <img src="failed.png"/>
              <span class="class-name">testcases.RetryTestCase</span>
            </div> <!-- main-panel-header rounded-window-top -->
            <div class="main-panel-content rounded-window-bottom">
              <div class="method">
                <div class="method-content">
                  <a name="retryMechanism">
                  </a> <!-- retryMechanism -->
                  <span class="method-name">retryMechanism</span>
                  <div class="stack-trace">java.lang.AssertionError: expected [20] but found [10]
	at testcases.RetryTestCase.retryMechanism(RetryTestCase.java:16)
... Removed 31 stack frames
</div> <!-- stack-trace -->
                </div> <!-- method-content -->
              </div> <!-- method -->
            </div> <!-- main-panel-content rounded-window-bottom -->
          </div> <!-- suite-Amazon_test_Suite-class-failed -->
          <div class="suite-Amazon_test_Suite-class-failed">
            <div class="main-panel-header rounded-window-top">
              <img src="failed.png"/>
              <span class="class-name">testcases.SignInTest</span>
            </div> <!-- main-panel-header rounded-window-top -->
            <div class="main-panel-content rounded-window-bottom">
              <div class="method">
                <div class="method-content">
                  <a name="signInTest({password=Selenium@123, runmode=y, username=9.899894877E9})">
                  </a> <!-- signInTest({password=Selenium@123, runmode=y, username=9.899894877E9}) -->
                  <span class="method-name">signInTest</span>
                  <span class="parameters">({password=Selenium@123, runmode=y, username=9.899894877E9})</span>
                  <div class="stack-trace">org.openqa.selenium.NoSuchElementException: Timed out after 10 seconds. Unable to locate the element
	at org.openqa.selenium.support.pagefactory.AjaxElementLocator.findElement(AjaxElementLocator.java:99)
	at org.openqa.selenium.support.pagefactory.internal.LocatingElementHandler.invoke(LocatingElementHandler.java:38)
	at com.sun.proxy.$Proxy8.sendKeys(Unknown Source)
	at base.Page.type(Page.java:130)
	at actions.SignInPage.doLogin(SignInPage.java:25)
	at testcases.SignInTest.signInTest(SignInTest.java:33)
Caused by: org.openqa.selenium.NoSuchElementException: no such element: Unable to locate element: {&quot;method&quot;:&quot;css selector&quot;,&quot;selector&quot;:&quot;input#ap_password&quot;}
  (Session info: chrome=81.0.4044.129)
For documentation on this error, please visit: https://www.seleniumhq.org/exceptions/no_such_element.html
Build info: version: &apos;3.141.59&apos;, revision: &apos;e82be7d358&apos;, time: &apos;2018-11-14T08:17:03&apos;
System info: host: &apos;TOSHIBA-PC&apos;, ip: &apos;192.168.0.105&apos;, os.name: &apos;Windows 7&apos;, os.arch: &apos;x86&apos;, os.version: &apos;6.1&apos;, java.version: &apos;1.8.0_241&apos;
Driver info: org.openqa.selenium.chrome.ChromeDriver
Capabilities {acceptInsecureCerts: false, browserName: chrome, browserVersion: 81.0.4044.129, chrome: {chromedriverVersion: 81.0.4044.138 (8c6c7ba89cc9..., userDataDir: C:\Users\Toshiba\AppData\Lo...}, goog:chromeOptions: {debuggerAddress: localhost:53128}, javascriptEnabled: true, networkConnectionEnabled: false, pageLoadStrategy: normal, platform: WINDOWS, platformName: WINDOWS, proxy: Proxy(), setWindowRect: true, strictFileInteractability: false, timeouts: {implicit: 0, pageLoad: 300000, script: 30000}, unhandledPromptBehavior: dismiss and notify, webauthn:virtualAuthenticators: true}
Session ID: c4792f63ef8cdb6a390c28081383e904
*** Element info: {Using=css selector, value=input#ap_password}
	at org.openqa.selenium.remote.http.W3CHttpResponseCodec.createException(W3CHttpResponseCodec.java:187)
	at org.openqa.selenium.remote.http.W3CHttpResponseCodec.decode(W3CHttpResponseCodec.java:122)
	at org.openqa.selenium.remote.http.W3CHttpResponseCodec.decode(W3CHttpResponseCodec.java:49)
	at org.openqa.selenium.remote.HttpCommandExecutor.execute(HttpCommandExecutor.java:158)
	at org.openqa.selenium.remote.service.DriverCommandExecutor.execute(DriverCommandExecutor.java:83)
	at org.openqa.selenium.remote.RemoteWebDriver.execute(RemoteWebDriver.java:552)
	at org.openqa.selenium.remote.RemoteWebDriver.findElement(RemoteWebDriver.java:323)
	at org.openqa.selenium.remote.RemoteWebDriver.findElementByCssSelector(RemoteWebDriver.java:420)
	at org.openqa.selenium.By$ByCssSelector.findElement(By.java:431)
	at org.openqa.selenium.remote.RemoteWebDriver.findElement(RemoteWebDriver.java:315)
	at org.openqa.selenium.support.pagefactory.DefaultElementLocator.findElement(DefaultElementLocator.java:69)
	at org.openqa.selenium.support.pagefactory.AjaxElementLocator.access$001(AjaxElementLocator.java:39)
	at org.openqa.selenium.support.pagefactory.AjaxElementLocator$SlowLoadingElement.isLoaded(AjaxElementLocator.java:165)
	at org.openqa.selenium.support.ui.SlowLoadableComponent.get(SlowLoadableComponent.java:72)
	at org.openqa.selenium.support.pagefactory.AjaxElementLocator.findElement(AjaxElementLocator.java:95)
	... 30 more
... Removed 28 stack frames
</div> <!-- stack-trace -->
                </div> <!-- method-content -->
              </div> <!-- method -->
              <div class="method">
                <div class="method-content">
                  <a name="signInTest({password=Selenium@123, runmode=y, username=9.989984876E9})">
                  </a> <!-- signInTest({password=Selenium@123, runmode=y, username=9.989984876E9}) -->
                  <span class="method-name">signInTest</span>
                  <span class="parameters">({password=Selenium@123, runmode=y, username=9.989984876E9})</span>
                  <div class="stack-trace">org.openqa.selenium.NoSuchElementException: Timed out after 10 seconds. Unable to locate the element
	at org.openqa.selenium.support.pagefactory.AjaxElementLocator.findElement(AjaxElementLocator.java:99)
	at org.openqa.selenium.support.pagefactory.internal.LocatingElementHandler.invoke(LocatingElementHandler.java:38)
	at com.sun.proxy.$Proxy8.sendKeys(Unknown Source)
	at base.Page.type(Page.java:130)
	at actions.SignInPage.doLogin(SignInPage.java:25)
	at testcases.SignInTest.signInTest(SignInTest.java:33)
Caused by: org.openqa.selenium.NoSuchElementException: no such element: Unable to locate element: {&quot;method&quot;:&quot;css selector&quot;,&quot;selector&quot;:&quot;input#ap_password&quot;}
  (Session info: chrome=81.0.4044.129)
For documentation on this error, please visit: https://www.seleniumhq.org/exceptions/no_such_element.html
Build info: version: &apos;3.141.59&apos;, revision: &apos;e82be7d358&apos;, time: &apos;2018-11-14T08:17:03&apos;
System info: host: &apos;TOSHIBA-PC&apos;, ip: &apos;192.168.0.105&apos;, os.name: &apos;Windows 7&apos;, os.arch: &apos;x86&apos;, os.version: &apos;6.1&apos;, java.version: &apos;1.8.0_241&apos;
Driver info: org.openqa.selenium.chrome.ChromeDriver
Capabilities {acceptInsecureCerts: false, browserName: chrome, browserVersion: 81.0.4044.129, chrome: {chromedriverVersion: 81.0.4044.138 (8c6c7ba89cc9..., userDataDir: C:\Users\Toshiba\AppData\Lo...}, goog:chromeOptions: {debuggerAddress: localhost:53182}, javascriptEnabled: true, networkConnectionEnabled: false, pageLoadStrategy: normal, platform: WINDOWS, platformName: WINDOWS, proxy: Proxy(), setWindowRect: true, strictFileInteractability: false, timeouts: {implicit: 0, pageLoad: 300000, script: 30000}, unhandledPromptBehavior: dismiss and notify, webauthn:virtualAuthenticators: true}
Session ID: 14c74649b829379f90560ba4ab709d87
*** Element info: {Using=css selector, value=input#ap_password}
	at org.openqa.selenium.remote.http.W3CHttpResponseCodec.createException(W3CHttpResponseCodec.java:187)
	at org.openqa.selenium.remote.http.W3CHttpResponseCodec.decode(W3CHttpResponseCodec.java:122)
	at org.openqa.selenium.remote.http.W3CHttpResponseCodec.decode(W3CHttpResponseCodec.java:49)
	at org.openqa.selenium.remote.HttpCommandExecutor.execute(HttpCommandExecutor.java:158)
	at org.openqa.selenium.remote.service.DriverCommandExecutor.execute(DriverCommandExecutor.java:83)
	at org.openqa.selenium.remote.RemoteWebDriver.execute(RemoteWebDriver.java:552)
	at org.openqa.selenium.remote.RemoteWebDriver.findElement(RemoteWebDriver.java:323)
	at org.openqa.selenium.remote.RemoteWebDriver.findElementByCssSelector(RemoteWebDriver.java:420)
	at org.openqa.selenium.By$ByCssSelector.findElement(By.java:431)
	at org.openqa.selenium.remote.RemoteWebDriver.findElement(RemoteWebDriver.java:315)
	at org.openqa.selenium.support.pagefactory.DefaultElementLocator.findElement(DefaultElementLocator.java:69)
	at org.openqa.selenium.support.pagefactory.AjaxElementLocator.access$001(AjaxElementLocator.java:39)
	at org.openqa.selenium.support.pagefactory.AjaxElementLocator$SlowLoadingElement.isLoaded(AjaxElementLocator.java:165)
	at org.openqa.selenium.support.ui.SlowLoadableComponent.get(SlowLoadableComponent.java:72)
	at org.openqa.selenium.support.pagefactory.AjaxElementLocator.findElement(AjaxElementLocator.java:95)
	... 30 more
... Removed 28 stack frames
</div> <!-- stack-trace -->
                </div> <!-- method-content -->
              </div> <!-- method -->
            </div> <!-- main-panel-content rounded-window-bottom -->
          </div> <!-- suite-Amazon_test_Suite-class-failed -->
          <div class="suite-Amazon_test_Suite-class-skipped">
            <div class="main-panel-header rounded-window-top">
              <img src="skipped.png"/>
              <span class="class-name">testcases.RetryTestCase</span>
            </div> <!-- main-panel-header rounded-window-top -->
            <div class="main-panel-content rounded-window-bottom">
              <div class="method">
                <div class="method-content">
                  <a name="retryMechanism">
                  </a> <!-- retryMechanism -->
                  <span class="method-name">retryMechanism</span>
                  <div class="stack-trace">java.lang.AssertionError: expected [20] but found [10]
	at testcases.RetryTestCase.retryMechanism(RetryTestCase.java:16)
... Removed 31 stack frames
</div> <!-- stack-trace -->
                </div> <!-- method-content -->
              </div> <!-- method -->
              <div class="method">
                <div class="method-content">
                  <a name="retryMechanism">
                  </a> <!-- retryMechanism -->
                  <span class="method-name">retryMechanism</span>
                  <div class="stack-trace">java.lang.AssertionError: expected [20] but found [10]
	at testcases.RetryTestCase.retryMechanism(RetryTestCase.java:16)
... Removed 31 stack frames
</div> <!-- stack-trace -->
                </div> <!-- method-content -->
              </div> <!-- method -->
              <div class="method">
                <div class="method-content">
                  <a name="retryMechanism">
                  </a> <!-- retryMechanism -->
                  <span class="method-name">retryMechanism</span>
                  <div class="stack-trace">java.lang.AssertionError: expected [20] but found [10]
	at testcases.RetryTestCase.retryMechanism(RetryTestCase.java:16)
... Removed 31 stack frames
</div> <!-- stack-trace -->
                </div> <!-- method-content -->
              </div> <!-- method -->
              <div class="method">
                <div class="method-content">
                  <a name="retryMechanism">
                  </a> <!-- retryMechanism -->
                  <span class="method-name">retryMechanism</span>
                  <div class="stack-trace">java.lang.AssertionError: expected [20] but found [10]
	at testcases.RetryTestCase.retryMechanism(RetryTestCase.java:16)
... Removed 31 stack frames
</div> <!-- stack-trace -->
                </div> <!-- method-content -->
              </div> <!-- method -->
            </div> <!-- main-panel-content rounded-window-bottom -->
          </div> <!-- suite-Amazon_test_Suite-class-skipped -->
          <div class="suite-Amazon_test_Suite-class-passed">
            <div class="main-panel-header rounded-window-top">
              <img src="passed.png"/>
              <span class="class-name">testcases.CreateAccountTest</span>
            </div> <!-- main-panel-header rounded-window-top -->
            <div class="main-panel-content rounded-window-bottom">
              <div class="method">
                <div class="method-content">
                  <a name="createAccountTest({eMail=gaurav83.eoi@gmail.com, MobNo=9.910101011E9, Pwd=EOI@123, runmode=y, userName=meAaron21})">
                  </a> <!-- createAccountTest({eMail=gaurav83.eoi@gmail.com, MobNo=9.910101011E9, Pwd=EOI@123, runmode=y, userName=meAaron21}) -->
                  <span class="method-name">createAccountTest</span>
                  <span class="parameters">({eMail=gaurav83.eoi@gmail.com, MobNo=9.910101011E9, Pwd=EOI@123, runmode=y, userName=meAaron21})</span>
                </div> <!-- method-content -->
              </div> <!-- method -->
              <div class="method">
                <div class="method-content">
                  <a name="createAccountTest({eMail=gaurav84.eoi@gmail.com, MobNo=9.910101012E9, Pwd=EOI@234, runmode=y, userName=meAaron22})">
                  </a> <!-- createAccountTest({eMail=gaurav84.eoi@gmail.com, MobNo=9.910101012E9, Pwd=EOI@234, runmode=y, userName=meAaron22}) -->
                  <span class="method-name">createAccountTest</span>
                  <span class="parameters">({eMail=gaurav84.eoi@gmail.com, MobNo=9.910101012E9, Pwd=EOI@234, runmode=y, userName=meAaron22})</span>
                </div> <!-- method-content -->
              </div> <!-- method -->
            </div> <!-- main-panel-content rounded-window-bottom -->
          </div> <!-- suite-Amazon_test_Suite-class-passed -->
        </div> <!-- panel Amazon_test_Suite -->
        <div panel-name="test-xml-Amazon_test_Suite" class="panel">
          <div class="main-panel-header rounded-window-top">
            <span class="header-content">D:\Selenium Program2\ExtentReport\src\test\resources\runner\testng.xml</span>
          </div> <!-- main-panel-header rounded-window-top -->
          <div class="main-panel-content rounded-window-bottom">
            <pre>
&lt;?xml version=&quot;1.0&quot; encoding=&quot;UTF-8&quot;?&gt;
&lt;!DOCTYPE suite SYSTEM &quot;http://testng.org/testng-1.0.dtd&quot;&gt;
&lt;suite guice-stage=&quot;DEVELOPMENT&quot; name=&quot;Amazon test Suite&quot;&gt;
  &lt;test thread-count=&quot;5&quot; name=&quot;SignInTest&quot;&gt;
    &lt;classes&gt;
      &lt;class name=&quot;testcases.SignInTest&quot;/&gt;
    &lt;/classes&gt;
  &lt;/test&gt; &lt;!-- SignInTest --&gt;
  &lt;test thread-count=&quot;5&quot; name=&quot;CreateAccounttest&quot;&gt;
    &lt;classes&gt;
      &lt;class name=&quot;testcases.CreateAccountTest&quot;/&gt;
      &lt;class name=&quot;testcases.RetryTestCase&quot;/&gt;
    &lt;/classes&gt;
  &lt;/test&gt; &lt;!-- CreateAccounttest --&gt;
&lt;/suite&gt; &lt;!-- Amazon test Suite --&gt;
            </pre>
          </div> <!-- main-panel-content rounded-window-bottom -->
        </div> <!-- panel -->
        <div panel-name="testlist-Amazon_test_Suite" class="panel">
          <div class="main-panel-header rounded-window-top">
            <span class="header-content">Tests for Amazon test Suite</span>
          </div> <!-- main-panel-header rounded-window-top -->
          <div class="main-panel-content rounded-window-bottom">
            <ul>
              <li>
                <span class="test-name">SignInTest (1 class)</span>
              </li>
              <li>
                <span class="test-name">CreateAccounttest (2 classes)</span>
              </li>
            </ul>
          </div> <!-- main-panel-content rounded-window-bottom -->
        </div> <!-- panel -->
        <div panel-name="group-Amazon_test_Suite" class="panel">
          <div class="main-panel-header rounded-window-top">
            <span class="header-content">Groups for Amazon test Suite</span>
          </div> <!-- main-panel-header rounded-window-top -->
          <div class="main-panel-content rounded-window-bottom">
          </div> <!-- main-panel-content rounded-window-bottom -->
        </div> <!-- panel -->
        <div panel-name="times-Amazon_test_Suite" class="panel">
          <div class="main-panel-header rounded-window-top">
            <span class="header-content">Times for Amazon test Suite</span>
          </div> <!-- main-panel-header rounded-window-top -->
          <div class="main-panel-content rounded-window-bottom">
            <div class="times-div">
              <script type="text/javascript">
suiteTableInitFunctions.push('tableData_Amazon_test_Suite');
function tableData_Amazon_test_Suite() {
var data = new google.visualization.DataTable();
data.addColumn('number', 'Number');
data.addColumn('string', 'Method');
data.addColumn('string', 'Class');
data.addColumn('number', 'Time (ms)');
data.addRows(9);
data.setCell(0, 0, 0)
data.setCell(0, 1, 'signInTest')
data.setCell(0, 2, 'testcases.SignInTest')
data.setCell(0, 3, 61653);
data.setCell(1, 0, 1)
data.setCell(1, 1, 'createAccountTest')
data.setCell(1, 2, 'testcases.CreateAccountTest')
data.setCell(1, 3, 43811);
data.setCell(2, 0, 2)
data.setCell(2, 1, 'signInTest')
data.setCell(2, 2, 'testcases.SignInTest')
data.setCell(2, 3, 38481);
data.setCell(3, 0, 3)
data.setCell(3, 1, 'createAccountTest')
data.setCell(3, 2, 'testcases.CreateAccountTest')
data.setCell(3, 3, 21341);
data.setCell(4, 0, 4)
data.setCell(4, 1, 'retryMechanism')
data.setCell(4, 2, 'testcases.RetryTestCase')
data.setCell(4, 3, 15);
data.setCell(5, 0, 5)
data.setCell(5, 1, 'retryMechanism')
data.setCell(5, 2, 'testcases.RetryTestCase')
data.setCell(5, 3, 2);
data.setCell(6, 0, 6)
data.setCell(6, 1, 'retryMechanism')
data.setCell(6, 2, 'testcases.RetryTestCase')
data.setCell(6, 3, 2);
data.setCell(7, 0, 7)
data.setCell(7, 1, 'retryMechanism')
data.setCell(7, 2, 'testcases.RetryTestCase')
data.setCell(7, 3, 2);
data.setCell(8, 0, 8)
data.setCell(8, 1, 'retryMechanism')
data.setCell(8, 2, 'testcases.RetryTestCase')
data.setCell(8, 3, 1);
window.suiteTableData['Amazon_test_Suite']= { tableData: data, tableDiv: 'times-div-Amazon_test_Suite'}
return data;
}
              </script>
              <span class="suite-total-time">Total running time: 2 minutes</span>
              <div id="times-div-Amazon_test_Suite">
              </div> <!-- times-div-Amazon_test_Suite -->
            </div> <!-- times-div -->
          </div> <!-- main-panel-content rounded-window-bottom -->
        </div> <!-- panel -->
        <div panel-name="reporter-Amazon_test_Suite" class="panel">
          <div class="main-panel-header rounded-window-top">
            <span class="header-content">Reporter output for Amazon test Suite</span>
          </div> <!-- main-panel-header rounded-window-top -->
          <div class="main-panel-content rounded-window-bottom">
          </div> <!-- main-panel-content rounded-window-bottom -->
        </div> <!-- panel -->
        <div panel-name="ignored-methods-Amazon_test_Suite" class="panel">
          <div class="main-panel-header rounded-window-top">
            <span class="header-content">0 ignored methods</span>
          </div> <!-- main-panel-header rounded-window-top -->
          <div class="main-panel-content rounded-window-bottom">
          </div> <!-- main-panel-content rounded-window-bottom -->
        </div> <!-- panel -->
        <div panel-name="chronological-Amazon_test_Suite" class="panel">
          <div class="main-panel-header rounded-window-top">
            <span class="header-content">Methods in chronological order</span>
          </div> <!-- main-panel-header rounded-window-top -->
          <div class="main-panel-content rounded-window-bottom">
            <div class="chronological-class">
              <div class="chronological-class-name">testcases.SignInTest</div> <!-- chronological-class-name -->
              <div class="test-method">
                <img src="failed.png">
                </img>
                <span class="method-name">signInTest({password=Selenium@123, runmode=y, username=9.899894877E9})</span>
                <span class="method-start">0 ms</span>
              </div> <!-- test-method -->
              <div class="test-method">
                <img src="failed.png">
                </img>
                <span class="method-name">signInTest({password=Selenium@123, runmode=y, username=9.989984876E9})</span>
                <span class="method-start">61709 ms</span>
              </div> <!-- test-method -->
            </div> <!-- chronological-class -->
            <div class="chronological-class">
              <div class="chronological-class-name">testcases.CreateAccountTest</div> <!-- chronological-class-name -->
              <div class="test-method">
                <span class="method-name">createAccountTest({eMail=gaurav83.eoi@gmail.com, MobNo=9.910101011E9, Pwd=EOI@123, runmode=y, userName=meAaron21})</span>
                <span class="method-start">100670 ms</span>
              </div> <!-- test-method -->
              <div class="test-method">
                <span class="method-name">createAccountTest({eMail=gaurav84.eoi@gmail.com, MobNo=9.910101012E9, Pwd=EOI@234, runmode=y, userName=meAaron22})</span>
                <span class="method-start">122015 ms</span>
              </div> <!-- test-method -->
            </div> <!-- chronological-class -->
            <div class="chronological-class">
              <div class="chronological-class-name">testcases.RetryTestCase</div> <!-- chronological-class-name -->
              <div class="test-method">
                <span class="method-name">retryMechanism</span>
                <span class="method-start">165829 ms</span>
              </div> <!-- test-method -->
              <div class="test-method">
                <span class="method-name">retryMechanism</span>
                <span class="method-start">165847 ms</span>
              </div> <!-- test-method -->
              <div class="test-method">
                <span class="method-name">retryMechanism</span>
                <span class="method-start">165852 ms</span>
              </div> <!-- test-method -->
              <div class="test-method">
                <span class="method-name">retryMechanism</span>
                <span class="method-start">165856 ms</span>
              </div> <!-- test-method -->
              <div class="test-method">
                <img src="failed.png">
                </img>
                <span class="method-name">retryMechanism</span>
                <span class="method-start">165861 ms</span>
              </div> <!-- test-method -->
          </div> <!-- main-panel-content rounded-window-bottom -->
        </div> <!-- panel -->
      </div> <!-- main-panel-root -->
    </div> <!-- wrapper -->
  </body>
</html>
